# JRE version: Java(TM) SE Runtime Environment (17.0.10+11) (build 17.0.10+11-LTS-240)
# Java VM: Java HotSpot(TM) 64-Bit Server VM (17.0.10+11-LTS-240, mixed mode, sharing, tiered, compressed oops, compressed class ptrs, g1 gc, windows-amd64)
GC Precious Log:
 CPUs: 12 total, 12 available
 Memory: 14158M
 Large Page Support: Disabled
 NUMA Support: Disabled
 Compressed Oops: Enabled (32-bit)
 Heap Region Size: 1M
 Heap Min Capacity: 256M
 Heap Initial Capacity: 256M
 Heap Max Capacity: 512M
 Pre-touch: Disabled
 Parallel Workers: 10
 Concurrent Workers: 3
 Concurrent Refinement Workers: 10
 Periodic GC: Disabled
Heap:
 garbage-first heap   total 262144K, used 47664K [0x00000000e0000000, 0x0000000100000000)
  region size 1024K, 17 young (17408K), 10 survivors (10240K)
 Metaspace       used 48664K, committed 49280K, reserved 393216K
  class space    used 6988K, committed 7296K, reserved 327680K
GC Heap History (16 events):
Event: 0.698 GC heap before
{Heap before GC invocations=0 (full 0):
 garbage-first heap   total 262144K, used 26624K [0x00000000e0000000, 0x0000000100000000)
  region size 1024K, 23 young (23552K), 0 survivors (0K)
 Metaspace       used 2939K, committed 3072K, reserved 393216K
  class space    used 366K, committed 448K, reserved 327680K
}
Event: 0.703 GC heap after
{Heap after GC invocations=1 (full 0):
 garbage-first heap   total 262144K, used 10998K [0x00000000e0000000, 0x0000000100000000)
  region size 1024K, 3 young (3072K), 3 survivors (3072K)
 Metaspace       used 2939K, committed 3072K, reserved 393216K
  class space    used 366K, committed 448K, reserved 327680K
}
Event: 1.354 GC heap before
{Heap before GC invocations=1 (full 0):
 garbage-first heap   total 262144K, used 38646K [0x00000000e0000000, 0x0000000100000000)
  region size 1024K, 30 young (30720K), 3 survivors (3072K)
 Metaspace       used 4029K, committed 4224K, reserved 393216K
  class space    used 494K, committed 576K, reserved 327680K
}
Event: 1.357 GC heap after
{Heap after GC invocations=2 (full 0):
 garbage-first heap   total 262144K, used 11977K [0x00000000e0000000, 0x0000000100000000)
  region size 1024K, 1 young (1024K), 1 survivors (1024K)
 Metaspace       used 4029K, committed 4224K, reserved 393216K
  class space    used 494K, committed 576K, reserved 327680K
}
Event: 4.281 GC heap before
{Heap before GC invocations=2 (full 0):
 garbage-first heap   total 262144K, used 112329K [0x00000000e0000000, 0x0000000100000000)
  region size 1024K, 98 young (100352K), 1 survivors (1024K)
 Metaspace       used 18784K, committed 19072K, reserved 393216K
  class space    used 2720K, committed 2880K, reserved 327680K
}
Event: 4.289 GC heap after
{Heap after GC invocations=3 (full 0):
 garbage-first heap   total 262144K, used 22054K [0x00000000e0000000, 0x0000000100000000)
  region size 1024K, 11 young (11264K), 11 survivors (11264K)
 Metaspace       used 18784K, committed 19072K, reserved 393216K
  class space    used 2720K, committed 2880K, reserved 327680K
}
Event: 4.769 GC heap before
{Heap before GC invocations=3 (full 0):
 garbage-first heap   total 262144K, used 41510K [0x00000000e0000000, 0x0000000100000000)
  region size 1024K, 31 young (31744K), 11 survivors (11264K)
 Metaspace       used 21219K, committed 21504K, reserved 393216K
  class space    used 3123K, committed 3264K, reserved 327680K
}
Event: 4.774 GC heap after
{Heap after GC invocations=4 (full 0):
 garbage-first heap   total 262144K, used 23431K [0x00000000e0000000, 0x0000000100000000)
  region size 1024K, 12 young (12288K), 12 survivors (12288K)
 Metaspace       used 21219K, committed 21504K, reserved 393216K
  class space    used 3123K, committed 3264K, reserved 327680K
}
Event: 6.745 GC heap before
{Heap before GC invocations=5 (full 0):
 garbage-first heap   total 262144K, used 139143K [0x00000000e0000000, 0x0000000100000000)
  region size 1024K, 122 young (124928K), 12 survivors (12288K)
 Metaspace       used 35570K, committed 35968K, reserved 393216K
  class space    used 4949K, committed 5184K, reserved 327680K
}
Event: 6.755 GC heap after
{Heap after GC invocations=6 (full 0):
 garbage-first heap   total 262144K, used 32826K [0x00000000e0000000, 0x0000000100000000)
  region size 1024K, 11 young (11264K), 11 survivors (11264K)
 Metaspace       used 35570K, committed 35968K, reserved 393216K
  class space    used 4949K, committed 5184K, reserved 327680K
}
Event: 6.773 GC heap before
{Heap before GC invocations=6 (full 0):
 garbage-first heap   total 262144K, used 33850K [0x00000000e0000000, 0x0000000100000000)
  region size 1024K, 12 young (12288K), 11 survivors (11264K)
 Metaspace       used 35714K, committed 36096K, reserved 393216K
  class space    used 4976K, committed 5184K, reserved 327680K
}
Event: 6.777 GC heap after
{Heap after GC invocations=7 (full 0):
 garbage-first heap   total 262144K, used 32998K [0x00000000e0000000, 0x0000000100000000)
  region size 1024K, 2 young (2048K), 2 survivors (2048K)
 Metaspace       used 35714K, committed 36096K, reserved 393216K
  class space    used 4976K, committed 5184K, reserved 327680K
}
Event: 6.797 GC heap before
{Heap before GC invocations=7 (full 0):
 garbage-first heap   total 262144K, used 35046K [0x00000000e0000000, 0x0000000100000000)
  region size 1024K, 5 young (5120K), 2 survivors (2048K)
 Metaspace       used 35885K, committed 36288K, reserved 393216K
  class space    used 5008K, committed 5184K, reserved 327680K
}
Event: 6.798 GC heap after
{Heap after GC invocations=8 (full 0):
 garbage-first heap   total 262144K, used 31723K [0x00000000e0000000, 0x0000000100000000)
  region size 1024K, 1 young (1024K), 1 survivors (1024K)
 Metaspace       used 35885K, committed 36288K, reserved 393216K
  class space    used 5008K, committed 5184K, reserved 327680K
}
Event: 10.160 GC heap before
{Heap before GC invocations=9 (full 0):
 garbage-first heap   total 262144K, used 188395K [0x00000000e0000000, 0x0000000100000000)
  region size 1024K, 153 young (156672K), 1 survivors (1024K)
 Metaspace       used 48350K, committed 48896K, reserved 393216K
  class space    used 6935K, committed 7232K, reserved 327680K
}
Event: 10.168 GC heap after
{Heap after GC invocations=10 (full 0):
 garbage-first heap   total 262144K, used 41520K [0x00000000e0000000, 0x0000000100000000)
  region size 1024K, 10 young (10240K), 10 survivors (10240K)
 Metaspace       used 48350K, committed 48896K, reserved 393216K
  class space    used 6935K, committed 7232K, reserved 327680K
}

